<?xml version="1.0" encoding="UTF-8"?>
<!-- Generated by org.testng.reporters.JUnitReportReporter -->
<testsuite skipped="0" hostname="LAPTOP-D3528CHI" name="com.qhl.unitTest.Test2" tests="2" failures="0" timestamp="12 Jan 2021 10:40:43 GMT" time="0.052" errors="0">
  <testcase name="test1" time="0.041" classname="com.qhl.unitTest.Test2"/>
  <testcase name="test2" time="0.011" classname="com.qhl.unitTest.Test2"/>
</testsuite> <!-- com.qhl.unitTest.Test2 -->
