<?xml version="1.0" encoding="UTF-8"?>
<!-- Generated by org.testng.reporters.JUnitReportReporter -->
<testsuite skipped="0" hostname="LAPTOP-NJ2076CM" name="com.bajajChetak.Test.LoginTest" tests="3" failures="0" timestamp="2021-05-25T22:10:48 IST" time="39.527" errors="0">
  <testcase name="login2" time="5.919" classname="com.bajajChetak.Test.LoginTest"/>
  <system-out/>
  <testcase name="login1" time="19.551" classname="com.bajajChetak.Test.LoginTest"/>
  <system-out/>
  <testcase name="home" time="14.057" classname="com.bajajChetak.Test.LoginTest"/>
  <system-out/>
</testsuite> <!-- com.bajajChetak.Test.LoginTest -->
