<?xml version="1.0" encoding="UTF-8"?>
<!-- Generated by org.testng.reporters.JUnitReportReporter -->
<testsuite skipped="0" hostname="LAPTOP-NJ2076CM" name="com.qhl.testcases.Test" tests="1" failures="0" timestamp="2021-05-16T00:02:12 IST" time="0.011" errors="0">
  <testcase name="m1" time="0.011" classname="com.qhl.testcases.Test"/>
  <system-out/>
</testsuite> <!-- com.qhl.testcases.Test -->
